0 info it worked if it ends with ok
1 verbose cli [ '/usr/local/bin/node', '/usr/local/bin/npm', 'start' ]
2 info using npm@4.0.5
3 info using node@v7.4.0
4 verbose run-script [ 'prestart', 'start', 'poststart' ]
5 info lifecycle node-express-api-boilerplate@0.0.1~prestart: node-express-api-boilerplate@0.0.1
6 silly lifecycle node-express-api-boilerplate@0.0.1~prestart: no script for prestart, continuing
7 info lifecycle node-express-api-boilerplate@0.0.1~start: node-express-api-boilerplate@0.0.1
8 verbose lifecycle node-express-api-boilerplate@0.0.1~start: unsafe-perm in lifecycle true
9 verbose lifecycle node-express-api-boilerplate@0.0.1~start: PATH: /usr/local/lib/node_modules/npm/bin/node-gyp-bin:/Users/sunzhx/node-express-api/node_modules/.bin:/Library/Frameworks/Python.framework/Versions/3.5/bin:/Users/sunzhx/spark/bin:/usr/local/bin:/usr/bin:/bin:/usr/sbin:/sbin:/opt/X11/bin:/usr/local/go/bin:/usr/local/apache-ant-1.9.4/bin:/Users/sunzhx/Library/Android/sdk/platform-tools:/Users/sunzhx/Library/Android/sdk/tools
10 verbose lifecycle node-express-api-boilerplate@0.0.1~start: CWD: /Users/sunzhx/node-express-api
11 silly lifecycle node-express-api-boilerplate@0.0.1~start: Args: [ '-c', 'node ./bin/www' ]
12 silly lifecycle node-express-api-boilerplate@0.0.1~start: Returned: code: 1  signal: null
13 info lifecycle node-express-api-boilerplate@0.0.1~start: Failed to exec start script
14 verbose stack Error: node-express-api-boilerplate@0.0.1 start: `node ./bin/www`
14 verbose stack Exit status 1
14 verbose stack     at EventEmitter.<anonymous> (/usr/local/lib/node_modules/npm/lib/utils/lifecycle.js:279:16)
14 verbose stack     at emitTwo (events.js:106:13)
14 verbose stack     at EventEmitter.emit (events.js:191:7)
14 verbose stack     at ChildProcess.<anonymous> (/usr/local/lib/node_modules/npm/lib/utils/spawn.js:40:14)
14 verbose stack     at emitTwo (events.js:106:13)
14 verbose stack     at ChildProcess.emit (events.js:191:7)
14 verbose stack     at maybeClose (internal/child_process.js:885:16)
14 verbose stack     at Process.ChildProcess._handle.onexit (internal/child_process.js:226:5)
15 verbose pkgid node-express-api-boilerplate@0.0.1
16 verbose cwd /Users/sunzhx/node-express-api
17 error Darwin 14.0.0
18 error argv "/usr/local/bin/node" "/usr/local/bin/npm" "start"
19 error node v7.4.0
20 error npm  v4.0.5
21 error code ELIFECYCLE
22 error node-express-api-boilerplate@0.0.1 start: `node ./bin/www`
22 error Exit status 1
23 error Failed at the node-express-api-boilerplate@0.0.1 start script 'node ./bin/www'.
23 error Make sure you have the latest version of node.js and npm installed.
23 error If you do, this is most likely a problem with the node-express-api-boilerplate package,
23 error not with npm itself.
23 error Tell the author that this fails on your system:
23 error     node ./bin/www
23 error You can get information on how to open an issue for this project with:
23 error     npm bugs node-express-api-boilerplate
23 error Or if that isn't available, you can get their info via:
23 error     npm owner ls node-express-api-boilerplate
23 error There is likely additional logging output above.
24 verbose exit [ 1, true ]
